#
# There is insufficient memory for the Java Runtime Environment to continue.
# Native memory allocation (mmap) failed to map 369098752 bytes for G1 virtual space
# Possible reasons:
#   The system is out of physical RAM or swap space
#   The process is running with CompressedOops enabled, and the Java Heap may be blocking the growth of the native heap
# Possible solutions:
#   Reduce memory load on the system
#   Increase physical memory or swap space
#   Check if swap backing store is full
#   Decrease Java heap size (-Xmx/-Xms)
#   Decrease number of Java threads
#   Decrease Java thread stack sizes (-Xss)
#   Set larger code cache with -XX:ReservedCodeCacheSize=
#   JVM is running with Zero Based Compressed Oops mode in which the Java heap is
#     placed in the first 32GB address space. The Java Heap base address is the
#     maximum limit for the native heap growth. Please use -XX:HeapBaseMinAddress
#     to set the Java Heap base and to place the Java Heap above 32GB virtual address.
# This output file may be truncated or incomplete.
#
#  Out of Memory Error (os_windows.cpp:3548), pid=28784, tid=15960
#
# JRE version:  (17.0.10+11) (build )
# Java VM: Java HotSpot(TM) 64-Bit Server VM (17.0.10+11-LTS-240, mixed mode, sharing, tiered, compressed oops, compressed class ptrs, g1 gc, windows-amd64)
# No core dump will be written. Minidumps are not enabled by default on client versions of Windows
#

---------------  S U M M A R Y ------------

Command Line: -Dclassworlds.conf=C:\Program Files\NetBeans-22\netbeans\java\maven\bin\m2.conf -Dmaven.home=C:\Program Files\NetBeans-22\netbeans\java\maven -Dlibrary.jansi.path=C:\Program Files\NetBeans-22\netbeans\java\maven\lib\jansi-native -Dmaven.multiModuleProjectDirectory=C:\Users\mathe\OneDrive\Documents\NetBeansProjects\JavaCrudApp org.codehaus.plexus.classworlds.launcher.Launcher -Dexec.vmArgs= -Dexec.args=${exec.vmArgs} -classpath %classpath ${exec.mainClass} ${exec.appArgs} -Dexec.appArgs= -Dexec.mainClass=com.mycompany.javacrudapp.inicio -Dexec.executable=C:\Program Files\Java\jdk-17\bin\java.exe -Dmaven.ext.class.path=C:\Program Files\NetBeans-22\netbeans\java\maven-nblib\netbeans-eventspy.jar --no-transfer-progress process-classes org.codehaus.mojo:exec-maven-plugin:3.1.0:exec

Host: AMD Ryzen 5 5500U with Radeon Graphics         , 12 cores, 21G,  Windows 11 , 64 bit Build 22621 (10.0.22621.3672)
Time: Tue Jun 25 12:21:09 2024 SA Pacific Standard Time elapsed time: 0.015614 seconds (0d 0h 0m 0s)

---------------  T H R E A D  ---------------

Current thread (0x0000026d19fb42d0):  JavaThread "Unknown thread" [_thread_in_vm, id=15960, stack(0x0000006e86500000,0x0000006e86600000)]

Stack: [0x0000006e86500000,0x0000006e86600000]
Native frames: (J=compiled Java code, j=interpreted, Vv=VM code, C=native code)
V  [jvm.dll+0x677a5a]
V  [jvm.dll+0x7d8b2d]
V  [jvm.dll+0x7da48e]
V  [jvm.dll+0x7daaf3]
V  [jvm.dll+0x2455ff]
V  [jvm.dll+0x6749b9]
V  [jvm.dll+0x669382]
V  [jvm.dll+0x302e96]
V  [jvm.dll+0x30a416]
V  [jvm.dll+0x359cbe]
V  [jvm.dll+0x359eef]
V  [jvm.dll+0x2d9e88]
V  [jvm.dll+0x2dadf4]
V  [jvm.dll+0x7aa551]
V  [jvm.dll+0x367911]
V  [jvm.dll+0x789639]
V  [jvm.dll+0x3eb30f]
V  [jvm.dll+0x3ecd91]
C  [jli.dll+0x5297]
C  [ucrtbase.dll+0x29333]
C  [KERNEL32.DLL+0x1257d]
C  [ntdll.dll+0x5af28]


---------------  P R O C E S S  ---------------

Threads class SMR info:
_java_thread_list=0x00007ffc9f916a18, length=0, elements={
}

Java Threads: ( => current thread )

Other Threads:
  0x0000026d1a036340 GCTaskThread "GC Thread#0" [stack: 0x0000006e86600000,0x0000006e86700000] [id=17028]
  0x0000026d1a042160 ConcurrentGCThread "G1 Main Marker" [stack: 0x0000006e86700000,0x0000006e86800000] [id=30116]
  0x0000026d1a042b70 ConcurrentGCThread "G1 Conc#0" [stack: 0x0000006e86800000,0x0000006e86900000] [id=22588]

[error occurred during error reporting (printing all threads), id 0xc0000005, EXCEPTION_ACCESS_VIOLATION (0xc0000005) at pc=0x00007ffc9f14aae7]

VM state: not at safepoint (not fully initialized)

VM Mutex/Monitor currently owned by a thread:  ([mutex/lock_event])
[0x0000026d19fb0ea0] Heap_lock - owner thread: 0x0000026d19fb42d0

Heap address: 0x00000006a2400000, size: 5596 MB, Compressed Oops mode: Zero based, Oop shift amount: 3

CDS archive(s) mapped at: [0x0000000000000000-0x0000000000000000-0x0000000000000000), size 0, SharedBaseAddress: 0x0000000800000000, ArchiveRelocationMode: 1.
Narrow klass base: 0x0000000000000000, Narrow klass shift: 0, Narrow klass range: 0x0

GC Precious Log:
<Empty>

Heap:
 garbage-first heap   total 0K, used 0K [0x00000006a2400000, 0x0000000800000000)
  region size 4096K, 0 young (0K), 0 survivors (0K)

[error occurred during error reporting (printing heap information), id 0xc0000005, EXCEPTION_ACCESS_VIOLATION (0xc0000005) at pc=0x00007ffc9f531249]

GC Heap History (0 events):
No events

Deoptimization events (0 events):
No events

Classes unloaded (0 events):
No events

Classes redefined (0 events):
No events

Internal exceptions (0 events):
No events

VM Operations (0 events):
No events

Events (1 events):
Event: 0.009 Loaded shared library C:\Program Files\Java\jdk-17\bin\java.dll


Dynamic libraries:
0x00007ff7b18a0000 - 0x00007ff7b18b0000 	C:\Program Files\Java\jdk-17\bin\java.exe
0x00007ffd5cf30000 - 0x00007ffd5d147000 	C:\Windows\SYSTEM32\ntdll.dll
0x00007ffd5c010000 - 0x00007ffd5c0d4000 	C:\Windows\System32\KERNEL32.DLL
0x00007ffd5a3c0000 - 0x00007ffd5a76c000 	C:\Windows\System32\KERNELBASE.dll
0x00007ffd5a770000 - 0x00007ffd5a881000 	C:\Windows\System32\ucrtbase.dll
0x00007ffd159c0000 - 0x00007ffd159d9000 	C:\Program Files\Java\jdk-17\bin\jli.dll
0x00007ffd4b8b0000 - 0x00007ffd4b8cb000 	C:\Program Files\Java\jdk-17\bin\VCRUNTIME140.dll
0x00007ffd5c230000 - 0x00007ffd5c2e2000 	C:\Windows\System32\ADVAPI32.dll
0x00007ffd5cd20000 - 0x00007ffd5cdc7000 	C:\Windows\System32\msvcrt.dll
0x00007ffd5cc50000 - 0x00007ffd5ccfa000 	C:\Windows\System32\sechost.dll
0x00007ffd5ac10000 - 0x00007ffd5ac38000 	C:\Windows\System32\bcrypt.dll
0x00007ffd5b0b0000 - 0x00007ffd5b1c5000 	C:\Windows\System32\RPCRT4.dll
0x00007ffd5adf0000 - 0x00007ffd5af9e000 	C:\Windows\System32\USER32.dll
0x00007ffd5abe0000 - 0x00007ffd5ac06000 	C:\Windows\System32\win32u.dll
0x00007ffd5c340000 - 0x00007ffd5c369000 	C:\Windows\System32\GDI32.dll
0x00007ffd5a230000 - 0x00007ffd5a349000 	C:\Windows\System32\gdi32full.dll
0x00007ffd486c0000 - 0x00007ffd48953000 	C:\Windows\WinSxS\amd64_microsoft.windows.common-controls_6595b64144ccf1df_6.0.22621.3672_none_2713b9d173822955\COMCTL32.dll
0x00007ffd5ab40000 - 0x00007ffd5abda000 	C:\Windows\System32\msvcp_win.dll
0x00007ffd4ef60000 - 0x00007ffd4ef6a000 	C:\Windows\SYSTEM32\VERSION.dll
0x00007ffd5c2f0000 - 0x00007ffd5c321000 	C:\Windows\System32\IMM32.DLL
0x00007ffd570a0000 - 0x00007ffd570ac000 	C:\Program Files\Java\jdk-17\bin\vcruntime140_1.dll
0x00007ffd0d300000 - 0x00007ffd0d38e000 	C:\Program Files\Java\jdk-17\bin\msvcp140.dll
0x00007ffc9ee60000 - 0x00007ffc9fa3f000 	C:\Program Files\Java\jdk-17\bin\server\jvm.dll
0x00007ffd5afa0000 - 0x00007ffd5afa8000 	C:\Windows\System32\PSAPI.DLL
0x00007ffd52870000 - 0x00007ffd528a4000 	C:\Windows\SYSTEM32\WINMM.dll
0x00007ffd570d0000 - 0x00007ffd570d9000 	C:\Windows\SYSTEM32\WSOCK32.dll
0x00007ffd5ac40000 - 0x00007ffd5acb1000 	C:\Windows\System32\WS2_32.dll
0x00007ffd591c0000 - 0x00007ffd591d8000 	C:\Windows\SYSTEM32\kernel.appcore.dll
0x00007ffd55f80000 - 0x00007ffd55f8a000 	C:\Program Files\Java\jdk-17\bin\jimage.dll
0x00007ffd57c00000 - 0x00007ffd57e32000 	C:\Windows\SYSTEM32\DBGHELP.DLL
0x00007ffd5b4f0000 - 0x00007ffd5b878000 	C:\Windows\System32\combase.dll
0x00007ffd5b890000 - 0x00007ffd5b967000 	C:\Windows\System32\OLEAUT32.dll
0x00007ffd40170000 - 0x00007ffd401a2000 	C:\Windows\SYSTEM32\dbgcore.DLL
0x00007ffd5aa00000 - 0x00007ffd5aa7b000 	C:\Windows\System32\bcryptPrimitives.dll
0x00007ffd22c50000 - 0x00007ffd22c75000 	C:\Program Files\Java\jdk-17\bin\java.dll

dbghelp: loaded successfully - version: 4.0.5 - missing functions: none
symbol engine: initialized successfully - sym options: 0x614 - pdb path: .;C:\Program Files\Java\jdk-17\bin;C:\Windows\SYSTEM32;C:\Windows\WinSxS\amd64_microsoft.windows.common-controls_6595b64144ccf1df_6.0.22621.3672_none_2713b9d173822955;C:\Program Files\Java\jdk-17\bin\server

VM Arguments:
jvm_args: -Dclassworlds.conf=C:\Program Files\NetBeans-22\netbeans\java\maven\bin\m2.conf -Dmaven.home=C:\Program Files\NetBeans-22\netbeans\java\maven -Dlibrary.jansi.path=C:\Program Files\NetBeans-22\netbeans\java\maven\lib\jansi-native -Dmaven.multiModuleProjectDirectory=C:\Users\mathe\OneDrive\Documents\NetBeansProjects\JavaCrudApp 
java_command: org.codehaus.plexus.classworlds.launcher.Launcher -Dexec.vmArgs= -Dexec.args=${exec.vmArgs} -classpath %classpath ${exec.mainClass} ${exec.appArgs} -Dexec.appArgs= -Dexec.mainClass=com.mycompany.javacrudapp.inicio -Dexec.executable=C:\Program Files\Java\jdk-17\bin\java.exe -Dmaven.ext.class.path=C:\Program Files\NetBeans-22\netbeans\java\maven-nblib\netbeans-eventspy.jar --no-transfer-progress process-classes org.codehaus.mojo:exec-maven-plugin:3.1.0:exec
java_class_path (initial): C:\Program Files\NetBeans-22\netbeans\java\maven\boot\plexus-classworlds-2.7.0.jar
Launcher Type: SUN_STANDARD

[Global flags]
     intx CICompilerCount                          = 4                                         {product} {ergonomic}
     uint ConcGCThreads                            = 3                                         {product} {ergonomic}
     uint G1ConcRefinementThreads                  = 10                                        {product} {ergonomic}
   size_t G1HeapRegionSize                         = 4194304                                   {product} {ergonomic}
    uintx GCDrainStackTargetSize                   = 64                                        {product} {ergonomic}
   size_t InitialHeapSize                          = 369098752                                 {product} {ergonomic}
   size_t MarkStackSize                            = 4194304                                   {product} {ergonomic}
   size_t MaxHeapSize                              = 5867831296                                {product} {ergonomic}
   size_t MinHeapDeltaBytes                        = 4194304                                   {product} {ergonomic}
   size_t MinHeapSize                              = 8388608                                   {product} {ergonomic}
    uintx NonNMethodCodeHeapSize                   = 5839372                                {pd product} {ergonomic}
    uintx NonProfiledCodeHeapSize                  = 122909434                              {pd product} {ergonomic}
    uintx ProfiledCodeHeapSize                     = 122909434                              {pd product} {ergonomic}
    uintx ReservedCodeCacheSize                    = 251658240                              {pd product} {ergonomic}
     bool SegmentedCodeCache                       = true                                      {product} {ergonomic}
   size_t SoftMaxHeapSize                          = 5867831296                             {manageable} {ergonomic}
     bool UseCompressedClassPointers               = true                           {product lp64_product} {ergonomic}
     bool UseCompressedOops                        = true                           {product lp64_product} {ergonomic}
     bool UseG1GC                                  = true                                      {product} {ergonomic}
     bool UseLargePagesIndividualAllocation        = false                                  {pd product} {ergonomic}

Logging:
Log output configuration:
 #0: stdout all=warning uptime,level,tags
 #1: stderr all=off uptime,level,tags

Environment Variables:
JAVA_HOME=C:\Program Files\Java\jdk-17
PATH=C:\Program Files\Common Files\Oracle\Java\javapath;C:\Program Files\Eclipse Adoptium\jdk-11.0.22.7-hotspot\bin;C:\Program Files (x86)\Common Files\Oracle\Java\javapath;C:\Windows\system32;C:\Windows;C:\Windows\System32\Wbem;C:\Windows\System32\WindowsPowerShell\v1.0\;C:\Windows\System32\OpenSSH\;C:\Program Files\Microsoft SQL Server\130\Tools\Binn\;C:\Program Files\Microsoft SQL Server\Client SDK\ODBC\170\Tools\Binn\;C:\Program Files\dotnet\;C:\Program Files\Git\cmd;C:\Users\mathe\AppData\Roaming\nvm;C:\Program Files\nodejs;C:\Program Files (x86)\Microsoft SQL Server\160\Tools\Binn\;C:\Program Files\Microsoft SQL Server\160\Tools\Binn\;C:\Program Files\Microsoft SQL Server\160\DTS\Binn\;C:\Program Files\Azure Data Studio\bin;C:\Program Files\MongoDB\Server\7.0\bin;D:\dev\flutter\flutter\bin;C:\Program Files\Microsoft SQL Server\150\Tools\Binn\;C:\Program Files\PowerShell\7\;C:\Program Files\MySQL\MySQL Shell 8.0\bin\;C:\Users\mathe\.cargo\bin;C:\Users\mathe\scoop\shims;C:\Users\mathe\AppData\Local\Programs\Python\Python312\Scripts\;C:\Users\mathe\AppData\Local\Programs\Python\Python312\;C:\Users\mathe\AppData\Local\Microsoft\WindowsApps;C:\Users\mathe\AppData\Local\Programs\Microsoft VS Code\bin;C:\Users\mathe\.dotnet\tools;C:\Users\mathe\AppData\Roaming\npm;C:\Users\mathe\AppData\Roaming\nvm;C:\Program Files\nodejs;C:\Program Files\Azure Data Studio\bin;C:\Program Files\MongoDB\Server\7.0\bin;
USERNAME=mathe
OS=Windows_NT
PROCESSOR_IDENTIFIER=AMD64 Family 23 Model 104 Stepping 1, AuthenticAMD



---------------  S Y S T E M  ---------------

OS:
 Windows 11 , 64 bit Build 22621 (10.0.22621.3672)
OS uptime: 6 days 23:24 hours
Hyper-V role detected

CPU: total 12 (initial active 12) (12 cores per cpu, 2 threads per core) family 23 model 104 stepping 1 microcode 0x0, cx8, cmov, fxsr, ht, mmx, 3dnowpref, sse, sse2, sse3, ssse3, sse4a, sse4.1, sse4.2, popcnt, lzcnt, tsc, tscinvbit, avx, avx2, aes, clmul, bmi1, bmi2, adx, sha, fma, vzeroupper, clflush, clflushopt, hv

Memory: 4k page, system-wide physical 22373M (7163M free)
TotalPageFile size 24405M (AvailPageFile size 231M)
current process WorkingSet (physical memory assigned to process): 11M, peak: 11M
current process commit charge ("private bytes"): 64M, peak: 416M

vm_info: Java HotSpot(TM) 64-Bit Server VM (17.0.10+11-LTS-240) for windows-amd64 JRE (17.0.10+11-LTS-240), built on Dec 19 2023 21:47:25 by "mach5one" with MS VC++ 17.1 (VS2022)

END.
